<?xml version="1.0" encoding="UTF-8"?>
<testng-results ignored="0" total="1" passed="1" failed="0" skipped="0">
  <reporter-output>
  </reporter-output>
  <suite started-at="2024-10-03T17:45:50Z" name="Default suite" finished-at="2024-10-03T17:45:55Z" duration-ms="4606">
    <groups>
    </groups>
    <test started-at="2024-10-03T17:45:50Z" name="Default test" finished-at="2024-10-03T17:45:55Z" duration-ms="4606">
      <class name="program.Program1">
        <test-method signature="test()[pri:0, instance:program.Program1@7d446ed1]" started-at="2024-10-03T17:45:50Z" name="test" finished-at="2024-10-03T17:45:55Z" duration-ms="4593" status="PASS">
          <reporter-output>
          </reporter-output>
        </test-method> <!-- test -->
      </class> <!-- program.Program1 -->
    </test> <!-- Default test -->
  </suite> <!-- Default suite -->
</testng-results>
